Info: Start Nativelink Simulation process

========= EDA Simulation Settings =====================

Sim Mode              :  Gate
Family                :  cycloneive
Quartus root          :  c:/intelfpga_lite/18.1/quartus/bin64/
Quartus sim root      :  c:/intelfpga_lite/18.1/quartus/eda/sim_lib
Simulation Tool       :  modelsim-altera
Simulation Language   :  verilog
Simulation Mode       :  GUI
Sim Output File       :  ArithmeticCircuit.vo
Sim SDF file          :  ArithmeticCircuit__verilog.sdo
Sim dir               :  simulation\modelsim

=======================================================

Info: Starting NativeLink simulation with ModelSim-Altera software
Sourced NativeLink script c:/intelfpga_lite/18.1/quartus/common/tcl/internal/nativelink/modelsim.tcl
Probing transcript
ModelSim-Altera Info: # Reading C:/intelFPGA_lite/18.1/modelsim_ase/tcl/vsim/pref.tcl
ModelSim-Altera Info: # do ArithmeticCircuit_run_msim_gate_verilog.do
ModelSim-Altera Info: # if {[file exists gate_work]} {
ModelSim-Altera Info: # 	vdel -lib gate_work -all
ModelSim-Altera Info: # }
ModelSim-Altera Info: # vlib gate_work
ModelSim-Altera Info: # vmap work gate_work
ModelSim-Altera Info: # Model Technology ModelSim - Intel FPGA Edition vmap 10.5b Lib Mapping Utility 2016.10 Oct  5 2016
ModelSim-Altera Info: # vmap work gate_work 
ModelSim-Altera Info: # Copying C:/intelFPGA_lite/18.1/modelsim_ase/win32aloem/../modelsim.ini to modelsim.ini
ModelSim-Altera Info: # Modifying modelsim.ini
ModelSim-Altera Info: # 
ModelSim-Altera Info: # vlog -vlog01compat -work work +incdir+. {ArithmeticCircuit.vo}
ModelSim-Altera Info: # Model Technology ModelSim - Intel FPGA Edition vlog 10.5b Compiler 2016.10 Oct  5 2016
ModelSim-Altera Info: # Start time: 19:49:40 on Feb 20,2020
ModelSim-Altera Info: # vlog -reportprogress 300 -vlog01compat -work work "+incdir+." ArithmeticCircuit.vo 
ModelSim-Altera Info: # -- Compiling module ArithmeticCircuit
ModelSim-Altera Info: # -- Compiling module hard_block
ModelSim-Altera Info: # 
ModelSim-Altera Info: # Top level modules:
ModelSim-Altera Info: # 	ArithmeticCircuit
ModelSim-Altera Info: # End time: 19:49:41 on Feb 20,2020, Elapsed time: 0:00:01
ModelSim-Altera Info: # Errors: 0, Warnings: 0
ModelSim-Altera Info: # 
ModelSim-Altera Info: # vlog -vlog01compat -work work +incdir+C:/Users/aashi/OneDrive/Desktop/Lab2/Quartus/../Verilog {C:/Users/aashi/OneDrive/Desktop/Lab2/Quartus/../Verilog/tb.v}
ModelSim-Altera Info: # Model Technology ModelSim - Intel FPGA Edition vlog 10.5b Compiler 2016.10 Oct  5 2016
ModelSim-Altera Info: # Start time: 19:49:41 on Feb 20,2020
ModelSim-Altera Info: # vlog -reportprogress 300 -vlog01compat -work work "+incdir+C:/Users/aashi/OneDrive/Desktop/Lab2/Quartus/../Verilog" C:/Users/aashi/OneDrive/Desktop/Lab2/Quartus/../Verilog/tb.v 
ModelSim-Altera Info: # -- Compiling module tb
ModelSim-Altera Info: # 
ModelSim-Altera Info: # Top level modules:
ModelSim-Altera Info: # 	tb
ModelSim-Altera Info: # End time: 19:49:41 on Feb 20,2020, Elapsed time: 0:00:00
ModelSim-Altera Info: # Errors: 0, Warnings: 0
ModelSim-Altera Info: # 
ModelSim-Altera Info: # vsim -t 1ps +transport_int_delays +transport_path_delays -L altera_ver -L cycloneive_ver -L gate_work -L work -voptargs="+acc"  tb
ModelSim-Altera Info: # vsim -t 1ps "+transport_int_delays" "+transport_path_delays" -L altera_ver -L cycloneive_ver -L gate_work -L work -voptargs=""+acc"" tb 
ModelSim-Altera Info: # Start time: 19:49:41 on Feb 20,2020
ModelSim-Altera Info: # Loading work.tb
ModelSim-Altera Info: # Loading work.ArithmeticCircuit
ModelSim-Altera Info: # Loading work.hard_block
ModelSim-Altera Info: # Loading cycloneive_ver.cycloneive_io_obuf
ModelSim-Altera Info: # Loading cycloneive_ver.cycloneive_io_ibuf
ModelSim-Altera Info: # Loading cycloneive_ver.cycloneive_lcell_comb
ModelSim-Altera Info: # SDF 10.5b Compiler 2016.10 Oct  5 2016
ModelSim-Altera Info: # 
ModelSim-Altera Info: # Loading instances from ArithmeticCircuit_v.sdo
ModelSim-Altera Info: # Loading timing data from ArithmeticCircuit_v.sdo
ModelSim-Altera Info: # ** Note: (vsim-3587) SDF Backannotation Successfully Completed.
ModelSim-Altera Info: #    Time: 0 ps  Iteration: 0  Instance: /tb File: C:/Users/aashi/OneDrive/Desktop/Lab2/Quartus/../Verilog/tb.v
ModelSim-Altera Info: # 
ModelSim-Altera Info: # add wave *
ModelSim-Altera Info: # view structure
ModelSim-Altera Info: # .main_pane.structure.interior.cs.body.struct
ModelSim-Altera Info: # view signals
ModelSim-Altera Info: # .main_pane.objects.interior.cs.body.tree
ModelSim-Altera Info: # run -all
ModelSim-Altera Info: # ** Note: $stop    : C:/Users/aashi/OneDrive/Desktop/Lab2/Quartus/../Verilog/tb.v(30)
ModelSim-Altera Info: #    Time: 160 ns  Iteration: 0  Instance: /tb
ModelSim-Altera Info: # Break in Module tb at C:/Users/aashi/OneDrive/Desktop/Lab2/Quartus/../Verilog/tb.v line 30
ModelSim-Altera Info: # WARNING: No extended dataflow license exists
ModelSim-Altera Info: # Error: invalid command name "::.main_pane.dataflow.interior.cs.body.pw.df.c"
ModelSim-Altera Info: # Error: invalid command name "::.main_pane.dataflow.interior.cs.body.pw.df.c"
ModelSim-Altera Info: # Error: invalid command name "::.main_pane.dataflow.interior.cs.body.pw.df.c"
ModelSim-Altera Info: # Error: invalid command name "::.main_pane.dataflow.interior.cs.body.pw.df.c"
ModelSim-Altera Info: # Error: invalid command name "::.main_pane.dataflow.interior.cs.body.pw.df.c"
ModelSim-Altera Info: # Error: invalid command name "::.main_pane.dataflow.interior.cs.body.pw.df.c"
ModelSim-Altera Info: # Error: invalid command name "::.main_pane.dataflow.interior.cs.body.pw.df.c"
ModelSim-Altera Info: # Error: invalid command name "::.main_pane.dataflow.interior.cs.body.pw.df.c"
ModelSim-Altera Info: # Error: invalid command name "::.main_pane.dataflow.interior.cs.body.pw.df.c"
ModelSim-Altera Info: # Error: invalid command name "::.main_pane.dataflow.interior.cs.body.pw.df.c"
ModelSim-Altera Info: # Error: invalid command name "::.main_pane.dataflow.interior.cs.body.pw.df.c"
ModelSim-Altera Info: # Error: invalid command name "::.main_pane.dataflow.interior.cs.body.pw.df.c"
ModelSim-Altera Info: # Error: invalid command name "::.main_pane.dataflow.interior.cs.body.pw.df.c"
ModelSim-Altera Info: # Error: invalid command name "::.main_pane.dataflow.interior.cs.body.pw.df.c"
ModelSim-Altera Info: # Error: invalid command name "::.main_pane.dataflow.interior.cs.body.pw.df.c"
ModelSim-Altera Info: # End time: 22:13:33 on Feb 20,2020, Elapsed time: 2:23:52
ModelSim-Altera Info: # Errors: 15, Warnings: 1
Info: NativeLink simulation flow was successful
